[0.059s] Invoking command in '/home/jt/ros2_ws/build/my_cpp_pkg': CMAKE_PREFIX_PATH=/home/jt/ros2_ws/install/my_py_pkg:/opt/ros/humble /usr/bin/cmake --build /home/jt/ros2_ws/build/my_cpp_pkg -- -j12 -l12
[0.098s] [35m[1mConsolidate compiler generated dependencies of target number_counter[0m
[0.109s] [ 80%] Built target robot_news_station
[0.109s] [ 80%] Built target cpp_node
[0.109s] [ 80%] Built target smartphone
[0.109s] [ 80%] Built target number_publisher
[0.115s] [ 90%] [32mBuilding CXX object CMakeFiles/number_counter.dir/src/number_counter.cpp.o[0m
[2.157s] [01m[K/home/jt/ros2_ws/src/my_cpp_pkg/src/number_counter.cpp:[m[K In member function â€˜[01m[Kvoid NumberCounterNode::callbackNumber(example_interfaces::msg::Int64_<std::allocator<void> >::SharedPtr)[m[Kâ€™:
[2.157s] [01m[K/home/jt/ros2_ws/src/my_cpp_pkg/src/number_counter.cpp:22:5:[m[K [01;31m[Kerror: [m[Kexpected â€˜[01m[K;[m[Kâ€™ before â€˜[01m[K}[m[Kâ€™ token
[2.157s]    22 |     [01;31m[K}[m[K
[2.157s]       |     [01;31m[K^[m[K
[4.335s] gmake[2]: *** [CMakeFiles/number_counter.dir/build.make:76: CMakeFiles/number_counter.dir/src/number_counter.cpp.o] Error 1
[4.336s] gmake[1]: *** [CMakeFiles/Makefile2:249: CMakeFiles/number_counter.dir/all] Error 2
[4.336s] gmake: *** [Makefile:146: all] Error 2
[4.339s] Invoked command in '/home/jt/ros2_ws/build/my_cpp_pkg' returned '2': CMAKE_PREFIX_PATH=/home/jt/ros2_ws/install/my_py_pkg:/opt/ros/humble /usr/bin/cmake --build /home/jt/ros2_ws/build/my_cpp_pkg -- -j12 -l12
