[0.062s] Invoking command in '/home/jt/ros2_ws/build/my_cpp_pkg': CMAKE_PREFIX_PATH=${CMAKE_PREFIX_PATH}:/home/jt/ros2_ws/install/my_py_pkg:/opt/ros/humble /usr/bin/cmake --build /home/jt/ros2_ws/build/my_cpp_pkg -- -j12 -l12
[0.084s] -- Found ament_cmake: 1.3.7 (/opt/ros/humble/share/ament_cmake/cmake)
[0.211s] -- Found rclcpp: 16.0.8 (/opt/ros/humble/share/rclcpp/cmake)
[0.244s] -- Found rosidl_generator_c: 3.1.5 (/opt/ros/humble/share/rosidl_generator_c/cmake)
[0.246s] -- Found rosidl_adapter: 3.1.5 (/opt/ros/humble/share/rosidl_adapter/cmake)
[0.252s] -- Found rosidl_generator_cpp: 3.1.5 (/opt/ros/humble/share/rosidl_generator_cpp/cmake)
[0.262s] -- Using all available rosidl_typesupport_c: rosidl_typesupport_fastrtps_c;rosidl_typesupport_introspection_c
[0.277s] -- Using all available rosidl_typesupport_cpp: rosidl_typesupport_fastrtps_cpp;rosidl_typesupport_introspection_cpp
[0.331s] -- Found rmw_implementation_cmake: 6.1.1 (/opt/ros/humble/share/rmw_implementation_cmake/cmake)
[0.332s] -- Found rmw_fastrtps_cpp: 6.2.6 (/opt/ros/humble/share/rmw_fastrtps_cpp/cmake)
[0.461s] -- Using RMW implementation 'rmw_fastrtps_cpp' as default
[0.623s] -- Found example_interfaces: 0.9.3 (/opt/ros/humble/share/example_interfaces/cmake)
[0.758s] -- Found my_robot_interfaces: 0.0.0 (/home/jt/ros2_ws/install/my_robot_interfaces/share/my_robot_interfaces/cmake)
[0.840s] -- Configuring done
[0.872s] -- Generating done
[0.874s] -- Build files have been written to: /home/jt/ros2_ws/build/my_cpp_pkg
[0.901s] [35m[1mConsolidate compiler generated dependencies of target add_two_ints_server[0m
[0.901s] [35m[1mConsolidate compiler generated dependencies of target add_two_ints_client[0m
[0.902s] [35m[1mConsolidate compiler generated dependencies of target cpp_node[0m
[0.902s] [35m[1mConsolidate compiler generated dependencies of target robot_news_station[0m
[0.902s] [35m[1mConsolidate compiler generated dependencies of target number_publisher[0m
[0.904s] [35m[1mConsolidate compiler generated dependencies of target number_counter[0m
[0.904s] [35m[1mConsolidate compiler generated dependencies of target add_two_ints_client_no_oop[0m
[0.904s] [35m[1mConsolidate compiler generated dependencies of target smartphone[0m
[0.905s] [35m[1mConsolidate compiler generated dependencies of target hardware_status_publisher[0m
[0.925s] [ 11%] Built target add_two_ints_server
[0.929s] [ 27%] Built target add_two_ints_client
[0.929s] [ 27%] [32mBuilding CXX object CMakeFiles/number_publisher.dir/src/number_publisher.cpp.o[0m
[0.932s] [ 44%] Built target smartphone
[0.932s] [ 61%] Built target cpp_node
[0.932s] [ 61%] Built target robot_news_station
[0.932s] [ 72%] Built target number_counter
[0.934s] [ 83%] Built target add_two_ints_client_no_oop
[0.934s] [ 88%] [32mBuilding CXX object CMakeFiles/hardware_status_publisher.dir/src/hardware_status_publisher.cpp.o[0m
[3.116s] [01m[K/home/jt/ros2_ws/src/my_cpp_pkg/src/number_publisher.cpp:[m[K In constructor â€˜[01m[KNumberPublisherNode::NumberPublisherNode()[m[Kâ€™:
[3.116s] [01m[K/home/jt/ros2_ws/src/my_cpp_pkg/src/number_publisher.cpp:15:43:[m[K [01;31m[Kerror: [m[Kno matching function for call to â€˜[01m[Kstd::chrono::duration<long int, std::ratio<1, 1000> >::duration(double)[m[Kâ€™
[3.116s]    15 |             (int) 1000.0/publish_frequency[01;31m[K)[m[K,
[3.116s]       |                                           [01;31m[K^[m[K
[3.116s] In file included from [01m[K/usr/include/c++/11/mutex:39[m[K,
[3.116s]                  from [01m[K/usr/include/c++/11/future:38[m[K,
[3.116s]                  from [01m[K/opt/ros/humble/include/rclcpp/rclcpp/executors.hpp:18[m[K,
[3.117s]                  from [01m[K/opt/ros/humble/include/rclcpp/rclcpp/rclcpp.hpp:155[m[K,
[3.117s]                  from [01m[K/home/jt/ros2_ws/src/my_cpp_pkg/src/number_publisher.cpp:1[m[K:
[3.117s] [01m[K/usr/include/c++/11/chrono:529:21:[m[K [01;36m[Knote: [m[Kcandidate: â€˜[01m[Ktemplate<class _Rep2, class _Period2, class> constexpr std::chrono::duration<_Rep, _Period>::duration(const std::chrono::duration<_Rep, _Period>&) [with _Rep2 = _Rep2; _Period2 = _Period2; <template-parameter-2-3> = <template-parameter-1-3>; _Rep = long int; _Period = std::ratio<1, 1000>][m[Kâ€™
[3.117s]   529 |           constexpr [01;36m[Kduration[m[K(const duration<_Rep2, _Period2>& __d)
[3.117s]       |                     [01;36m[K^~~~~~~~[m[K
[3.117s] [01m[K/usr/include/c++/11/chrono:529:21:[m[K [01;36m[Knote: [m[K  template argument deduction/substitution failed:
[3.117s] [01m[K/home/jt/ros2_ws/src/my_cpp_pkg/src/number_publisher.cpp:15:43:[m[K [01;36m[Knote: [m[K  mismatched types â€˜[01m[Kconst std::chrono::duration<_Rep1, _Period1>[m[Kâ€™ and â€˜[01m[Kdouble[m[Kâ€™
[3.117s]    15 |             (int) 1000.0/publish_frequency[01;36m[K)[m[K,
[3.117s]       |                                           [01;36m[K^[m[K
[3.118s] In file included from [01m[K/usr/include/c++/11/mutex:39[m[K,
[3.118s]                  from [01m[K/usr/include/c++/11/future:38[m[K,
[3.118s]                  from [01m[K/opt/ros/humble/include/rclcpp/rclcpp/executors.hpp:18[m[K,
[3.118s]                  from [01m[K/opt/ros/humble/include/rclcpp/rclcpp/rclcpp.hpp:155[m[K,
[3.118s]                  from [01m[K/home/jt/ros2_ws/src/my_cpp_pkg/src/number_publisher.cpp:1[m[K:
[3.118s] [01m[K/usr/include/c++/11/chrono:521:30:[m[K [01;36m[Knote: [m[Kcandidate: â€˜[01m[Ktemplate<class _Rep2, class> constexpr std::chrono::duration<_Rep, _Period>::duration(const _Rep2&) [with _Rep2 = _Rep2; <template-parameter-2-2> = <template-parameter-1-2>; _Rep = long int; _Period = std::ratio<1, 1000>][m[Kâ€™
[3.118s]   521 |           constexpr explicit [01;36m[Kduration[m[K(const _Rep2& __rep)
[3.118s]       |                              [01;36m[K^~~~~~~~[m[K
[3.118s] [01m[K/usr/include/c++/11/chrono:521:30:[m[K [01;36m[Knote: [m[K  template argument deduction/substitution failed:
[3.118s] In file included from [01m[K/usr/include/c++/11/bits/move.h:57[m[K,
[3.119s]                  from [01m[K/usr/include/c++/11/bits/stl_pair.h:59[m[K,
[3.119s]                  from [01m[K/usr/include/c++/11/bits/stl_algobase.h:64[m[K,
[3.119s]                  from [01m[K/usr/include/c++/11/memory:63[m[K,
[3.119s]                  from [01m[K/opt/ros/humble/include/rclcpp/rclcpp/rclcpp.hpp:153[m[K,
[3.119s]                  from [01m[K/home/jt/ros2_ws/src/my_cpp_pkg/src/number_publisher.cpp:1[m[K:
[3.119s] /usr/include/c++/11/type_traits: In substitution of â€˜[01m[Ktemplate<bool _Cond, class _Tp> using __enable_if_t = typename std::enable_if::type [with bool _Cond = false; _Tp = void][m[Kâ€™:
[3.119s] [01m[K/usr/include/c++/11/type_traits:2209:11:[m[K   required by substitution of â€˜[01m[Ktemplate<class ... _Cond> using _Require = std::__enable_if_t<std::__and_< <template-parameter-1-1> >::value> [with _Cond = {std::is_convertible<const double&, long int>, std::__or_<std::chrono::treat_as_floating_point<long int>, std::__not_<std::chrono::treat_as_floating_point<double> > >}][m[Kâ€™
[3.119s] [01m[K/usr/include/c++/11/chrono:518:27:[m[K   required from here
[3.119s] [01m[K/usr/include/c++/11/type_traits:2205:11:[m[K [01;31m[Kerror: [m[Kno type named â€˜[01m[Ktype[m[Kâ€™ in â€˜[01m[Kstruct std::enable_if<false, void>[m[Kâ€™
[3.120s]  2205 |     using [01;31m[K__enable_if_t[m[K = typename enable_if<_Cond, _Tp>::type;
[3.120s]       |           [01;31m[K^~~~~~~~~~~~~[m[K
[3.120s] In file included from [01m[K/usr/include/c++/11/mutex:39[m[K,
[3.120s]                  from [01m[K/usr/include/c++/11/future:38[m[K,
[3.120s]                  from [01m[K/opt/ros/humble/include/rclcpp/rclcpp/executors.hpp:18[m[K,
[3.120s]                  from [01m[K/opt/ros/humble/include/rclcpp/rclcpp/rclcpp.hpp:155[m[K,
[3.120s]                  from [01m[K/home/jt/ros2_ws/src/my_cpp_pkg/src/number_publisher.cpp:1[m[K:
[3.120s] [01m[K/usr/include/c++/11/chrono:514:9:[m[K [01;36m[Knote: [m[Kcandidate: â€˜[01m[Kconstexpr std::chrono::duration<_Rep, _Period>::duration(const std::chrono::duration<_Rep, _Period>&) [with _Rep = long int; _Period = std::ratio<1, 1000>][m[Kâ€™
[3.120s]   514 |         [01;36m[Kduration[m[K(const duration&) = default;
[3.121s]       |         [01;36m[K^~~~~~~~[m[K
[3.121s] [01m[K/usr/include/c++/11/chrono:514:18:[m[K [01;36m[Knote: [m[K  no known conversion for argument 1 from â€˜[01m[Kdouble[m[Kâ€™ to â€˜[01m[Kconst std::chrono::duration<long int, std::ratio<1, 1000> >&[m[Kâ€™
[3.121s]   514 |         duration([01;36m[Kconst duration&[m[K) = default;
[3.121s]       |                  [01;36m[K^~~~~~~~~~~~~~~[m[K
[3.121s] [01m[K/usr/include/c++/11/chrono:512:19:[m[K [01;36m[Knote: [m[Kcandidate: â€˜[01m[Kstd::chrono::duration<_Rep, _Period>::duration() [with _Rep = long int; _Period = std::ratio<1, 1000>][m[Kâ€™
[3.121s]   512 |         constexpr [01;36m[Kduration[m[K() = default;
[3.121s]       |                   [01;36m[K^~~~~~~~[m[K
[3.121s] [01m[K/usr/include/c++/11/chrono:512:19:[m[K [01;36m[Knote: [m[K  candidate expects 0 arguments, 1 provided
[3.816s] gmake[2]: *** [CMakeFiles/number_publisher.dir/build.make:76: CMakeFiles/number_publisher.dir/src/number_publisher.cpp.o] Error 1
[3.816s] gmake[1]: *** [CMakeFiles/Makefile2:231: CMakeFiles/number_publisher.dir/all] Error 2
[3.817s] gmake[1]: *** Waiting for unfinished jobs....
[4.812s] [ 94%] [32m[1mLinking CXX executable hardware_status_publisher[0m
[5.006s] [ 94%] Built target hardware_status_publisher
[5.007s] gmake: *** [Makefile:146: all] Error 2
[5.010s] Invoked command in '/home/jt/ros2_ws/build/my_cpp_pkg' returned '2': CMAKE_PREFIX_PATH=${CMAKE_PREFIX_PATH}:/home/jt/ros2_ws/install/my_py_pkg:/opt/ros/humble /usr/bin/cmake --build /home/jt/ros2_ws/build/my_cpp_pkg -- -j12 -l12
