[0.059s] Invoking command in '/home/jt/ros2_ws/build/my_cpp_pkg': CMAKE_PREFIX_PATH=/home/jt/ros2_ws/install/my_py_pkg:/opt/ros/humble /usr/bin/cmake --build /home/jt/ros2_ws/build/my_cpp_pkg -- -j12 -l12
[0.105s] [ 50%] [32mBuilding CXX object CMakeFiles/cpp_node.dir/src/my_first_node.cpp.o[0m
[2.050s] [01m[K/home/jt/ros2_ws/src/my_cpp_pkg/src/my_first_node.cpp:8:13:[m[K [01;31m[Kerror: [m[Ktemporary of non-literal type â€˜[01m[Krclcpp::Node[m[Kâ€™ in a constant expression
[2.050s]     8 |     MyNode: [01;31m[KNode("cpp_test")[m[K
[2.050s]       |             [01;31m[K^~~~~~~~~~~~~~~~[m[K
[2.050s] In file included from [01m[K/opt/ros/humble/include/rclcpp/rclcpp/executors/single_threaded_executor.hpp:28[m[K,
[2.050s]                  from [01m[K/opt/ros/humble/include/rclcpp/rclcpp/executors.hpp:22[m[K,
[2.050s]                  from [01m[K/opt/ros/humble/include/rclcpp/rclcpp/rclcpp.hpp:155[m[K,
[2.050s]                  from [01m[K/home/jt/ros2_ws/src/my_cpp_pkg/src/my_first_node.cpp:1[m[K:
[2.050s] [01m[K/opt/ros/humble/include/rclcpp/rclcpp/node.hpp:77:7:[m[K [01;36m[Knote: [m[Kâ€˜[01m[Krclcpp::Node[m[Kâ€™ is not literal because:
[2.050s]    77 | class [01;36m[KNode[m[K : public std::enable_shared_from_this<Node>
[2.050s]       |       [01;36m[K^~~~[m[K
[2.050s] [01m[K/opt/ros/humble/include/rclcpp/rclcpp/node.hpp:77:7:[m[K [01;36m[Knote: [m[K  â€˜[01m[Krclcpp::Node[m[Kâ€™ has a non-trivial destructor
[2.050s] [01m[K/home/jt/ros2_ws/src/my_cpp_pkg/src/my_first_node.cpp:9:5:[m[K [01;31m[Kerror: [m[Kdefault member initializer for unnamed bit-field
[2.051s]     9 |     [01;31m[K{[m[K
[2.051s]       |     [01;31m[K^[m[K
[2.051s] [01m[K/home/jt/ros2_ws/src/my_cpp_pkg/src/my_first_node.cpp:11:5:[m[K [01;31m[Kerror: [m[Kname â€˜[01m[KMyNode[m[Kâ€™ has incomplete type
[2.051s]    11 |     [01;31m[K}[m[K
[2.051s]       |     [01;31m[K^[m[K
[2.051s] [01m[K/home/jt/ros2_ws/src/my_cpp_pkg/src/my_first_node.cpp:11:5:[m[K [01;31m[Kerror: [m[Kexpected â€˜[01m[K;[m[Kâ€™ at end of member declaration
[2.051s]    11 |     [01;31m[K}[m[K
[2.051s]       |     [01;31m[K^[m[K
[2.051s]       |      [32m[K;[m[K
[2.051s] [01m[K/home/jt/ros2_ws/src/my_cpp_pkg/src/my_first_node.cpp:12:5:[m[K [01;31m[Kerror: [m[Kinvalid use of destructor â€˜[01m[K~MyNode[m[Kâ€™ as a type
[2.051s]    12 |     [01;31m[K~[m[KMyNode: public();
[2.051s]       |     [01;31m[K^[m[K
[2.051s] [01m[K/home/jt/ros2_ws/src/my_cpp_pkg/src/my_first_node.cpp:15:7:[m[K [01;31m[Kerror: [m[Kexpected unqualified-id before â€˜[01m[K:[m[Kâ€™ token
[2.051s]    15 | MyNode[01;31m[K:[m[K public::MyNode: public(/* args */)
[2.051s]       |       [01;31m[K^[m[K
[2.051s] [01m[K/home/jt/ros2_ws/src/my_cpp_pkg/src/my_first_node.cpp:19:7:[m[K [01;31m[Kerror: [m[Kexpected unqualified-id before â€˜[01m[K:[m[Kâ€™ token
[2.051s]    19 | MyNode[01;31m[K:[m[K public::~MyNode: public()
[2.051s]       |       [01;31m[K^[m[K
[2.359s] In file included from [01m[K/usr/include/x86_64-linux-gnu/c++/11/bits/c++allocator.h:33[m[K,
[2.359s]                  from [01m[K/usr/include/c++/11/bits/allocator.h:46[m[K,
[2.359s]                  from [01m[K/usr/include/c++/11/memory:64[m[K,
[2.359s]                  from [01m[K/opt/ros/humble/include/rclcpp/rclcpp/rclcpp.hpp:153[m[K,
[2.359s]                  from [01m[K/home/jt/ros2_ws/src/my_cpp_pkg/src/my_first_node.cpp:1[m[K:
[2.359s] /usr/include/c++/11/ext/new_allocator.h: In instantiation of â€˜[01m[Kvoid __gnu_cxx::new_allocator<_Tp>::construct(_Up*, _Args&& ...) [with _Up = MyNode; _Args = {}; _Tp = MyNode][m[Kâ€™:
[2.359s] [01m[K/usr/include/c++/11/bits/alloc_traits.h:516:17:[m[K   required from â€˜[01m[Kstatic void std::allocator_traits<std::allocator<_Tp1> >::construct(std::allocator_traits<std::allocator<_Tp1> >::allocator_type&, _Up*, _Args&& ...) [with _Up = MyNode; _Args = {}; _Tp = MyNode; std::allocator_traits<std::allocator<_Tp1> >::allocator_type = std::allocator<MyNode>][m[Kâ€™
[2.359s] [01m[K/usr/include/c++/11/bits/shared_ptr_base.h:519:39:[m[K   required from â€˜[01m[Kstd::_Sp_counted_ptr_inplace<_Tp, _Alloc, _Lp>::_Sp_counted_ptr_inplace(_Alloc, _Args&& ...) [with _Args = {}; _Tp = MyNode; _Alloc = std::allocator<MyNode>; __gnu_cxx::_Lock_policy _Lp = __gnu_cxx::_S_atomic][m[Kâ€™
[2.359s] [01m[K/usr/include/c++/11/bits/shared_ptr_base.h:650:16:[m[K   required from â€˜[01m[Kstd::__shared_count<_Lp>::__shared_count(_Tp*&, std::_Sp_alloc_shared_tag<_Alloc>, _Args&& ...) [with _Tp = MyNode; _Alloc = std::allocator<MyNode>; _Args = {}; __gnu_cxx::_Lock_policy _Lp = __gnu_cxx::_S_atomic][m[Kâ€™
[2.359s] [01m[K/usr/include/c++/11/bits/shared_ptr_base.h:1342:14:[m[K   required from â€˜[01m[Kstd::__shared_ptr<_Tp, _Lp>::__shared_ptr(std::_Sp_alloc_shared_tag<_Tp>, _Args&& ...) [with _Alloc = std::allocator<MyNode>; _Args = {}; _Tp = MyNode; __gnu_cxx::_Lock_policy _Lp = __gnu_cxx::_S_atomic][m[Kâ€™
[2.359s] [01m[K/usr/include/c++/11/bits/shared_ptr.h:409:59:[m[K   required from â€˜[01m[Kstd::shared_ptr<_Tp>::shared_ptr(std::_Sp_alloc_shared_tag<_Tp>, _Args&& ...) [with _Alloc = std::allocator<MyNode>; _Args = {}; _Tp = MyNode][m[Kâ€™
[2.360s] [01m[K/usr/include/c++/11/bits/shared_ptr.h:862:14:[m[K   required from â€˜[01m[Kstd::shared_ptr<_Tp> std::allocate_shared(const _Alloc&, _Args&& ...) [with _Tp = MyNode; _Alloc = std::allocator<MyNode>; _Args = {}][m[Kâ€™
[2.360s] [01m[K/usr/include/c++/11/bits/shared_ptr.h:878:39:[m[K   required from â€˜[01m[Kstd::shared_ptr<_Tp> std::make_shared(_Args&& ...) [with _Tp = MyNode; _Args = {}][m[Kâ€™
[2.360s] [01m[K/home/jt/ros2_ws/src/my_cpp_pkg/src/my_first_node.cpp:27:41:[m[K   required from here
[2.360s] [01m[K/usr/include/c++/11/ext/new_allocator.h:162:11:[m[K [01;31m[Kerror: [m[Kuse of deleted function â€˜[01m[KMyNode::MyNode()[m[Kâ€™
[2.360s]   162 |         { [01;31m[K::new((void *)__p) _Up(std::forward<_Args>(__args)...)[m[K; }
[2.360s]       |           [01;31m[K^~~~~~~~~~~~~~~~~~~~~~~~~~~~~~~~~~~~~~~~~~~~~~~~~~~~~~[m[K
[2.360s] [01m[K/home/jt/ros2_ws/src/my_cpp_pkg/src/my_first_node.cpp:3:7:[m[K [01;36m[Knote: [m[Kâ€˜[01m[KMyNode::MyNode()[m[Kâ€™ is implicitly deleted because the default definition would be ill-formed:
[2.360s]     3 | class [01;36m[KMyNode[m[K: public rclcpp::Node
[2.360s]       |       [01;36m[K^~~~~~[m[K
[2.360s] [01m[K/home/jt/ros2_ws/src/my_cpp_pkg/src/my_first_node.cpp:3:7:[m[K [01;31m[Kerror: [m[Kno matching function for call to â€˜[01m[Krclcpp::Node::Node()[m[Kâ€™
[2.360s] In file included from [01m[K/opt/ros/humble/include/rclcpp/rclcpp/executors/single_threaded_executor.hpp:28[m[K,
[2.360s]                  from [01m[K/opt/ros/humble/include/rclcpp/rclcpp/executors.hpp:22[m[K,
[2.360s]                  from [01m[K/opt/ros/humble/include/rclcpp/rclcpp/rclcpp.hpp:155[m[K,
[2.360s]                  from [01m[K/home/jt/ros2_ws/src/my_cpp_pkg/src/my_first_node.cpp:1[m[K:
[2.360s] [01m[K/opt/ros/humble/include/rclcpp/rclcpp/node.hpp:1294:3:[m[K [01;36m[Knote: [m[Kcandidate: â€˜[01m[Krclcpp::Node::Node(const rclcpp::Node&, const string&)[m[Kâ€™
[2.360s]  1294 |   [01;36m[KNode[m[K(
[2.360s]       |   [01;36m[K^~~~[m[K
[2.360s] [01m[K/opt/ros/humble/include/rclcpp/rclcpp/node.hpp:1294:3:[m[K [01;36m[Knote: [m[K  candidate expects 2 arguments, 0 provided
[2.361s] [01m[K/opt/ros/humble/include/rclcpp/rclcpp/node.hpp:101:12:[m[K [01;36m[Knote: [m[Kcandidate: â€˜[01m[Krclcpp::Node::Node(const string&, const string&, const rclcpp::NodeOptions&)[m[Kâ€™
[2.361s]   101 |   explicit [01;36m[KNode[m[K(
[2.361s]       |            [01;36m[K^~~~[m[K
[2.361s] [01m[K/opt/ros/humble/include/rclcpp/rclcpp/node.hpp:101:12:[m[K [01;36m[Knote: [m[K  candidate expects 3 arguments, 0 provided
[2.361s] [01m[K/opt/ros/humble/include/rclcpp/rclcpp/node.hpp:89:12:[m[K [01;36m[Knote: [m[Kcandidate: â€˜[01m[Krclcpp::Node::Node(const string&, const rclcpp::NodeOptions&)[m[Kâ€™
[2.361s]    89 |   explicit [01;36m[KNode[m[K(
[2.361s]       |            [01;36m[K^~~~[m[K
[2.361s] [01m[K/opt/ros/humble/include/rclcpp/rclcpp/node.hpp:89:12:[m[K [01;36m[Knote: [m[K  candidate expects 2 arguments, 0 provided
[2.418s] gmake[2]: *** [CMakeFiles/cpp_node.dir/build.make:76: CMakeFiles/cpp_node.dir/src/my_first_node.cpp.o] Error 1
[2.418s] gmake[1]: *** [CMakeFiles/Makefile2:137: CMakeFiles/cpp_node.dir/all] Error 2
[2.418s] gmake: *** [Makefile:146: all] Error 2
[2.420s] Invoked command in '/home/jt/ros2_ws/build/my_cpp_pkg' returned '2': CMAKE_PREFIX_PATH=/home/jt/ros2_ws/install/my_py_pkg:/opt/ros/humble /usr/bin/cmake --build /home/jt/ros2_ws/build/my_cpp_pkg -- -j12 -l12
