[0.063s] Invoking command in '/home/jt/ros2_ws/build/my_robot_interfaces': CMAKE_PREFIX_PATH=${CMAKE_PREFIX_PATH}:/home/jt/ros2_ws/install/my_py_pkg:/opt/ros/humble /usr/bin/cmake --build /home/jt/ros2_ws/build/my_robot_interfaces -- -j12 -l12
[0.084s] -- Found ament_cmake: 1.3.7 (/opt/ros/humble/share/ament_cmake/cmake)
[0.212s] -- Found rosidl_default_generators: 1.2.0 (/opt/ros/humble/share/rosidl_default_generators/cmake)
[0.214s] -- Using all available rosidl_typesupport_c: rosidl_typesupport_fastrtps_c;rosidl_typesupport_introspection_c
[0.216s] -- Found rosidl_adapter: 3.1.5 (/opt/ros/humble/share/rosidl_adapter/cmake)
[0.244s] -- Using all available rosidl_typesupport_cpp: rosidl_typesupport_fastrtps_cpp;rosidl_typesupport_introspection_cpp
[0.459s] [31mCMake Error at /opt/ros/humble/share/rosidl_adapter/cmake/rosidl_adapt_interfaces.cmake:59 (message):
[0.459s]   execute_process(/usr/bin/python3.10 -m rosidl_adapter --package-name
[0.459s]   my_robot_interfaces --arguments-file
[0.459s]   /home/jt/ros2_ws/build/my_robot_interfaces/rosidl_adapter__arguments__my_robot_interfaces.json
[0.459s]   --output-dir
[0.459s]   /home/jt/ros2_ws/build/my_robot_interfaces/rosidl_adapter/my_robot_interfaces
[0.460s]   --output-file
[0.460s]   /home/jt/ros2_ws/build/my_robot_interfaces/rosidl_adapter/my_robot_interfaces.idls)
[0.460s]   returned error code 1:
[0.460s] 
[0.460s]   Error processing 'string[] turtles "turtle1"' of
[0.460s]   'my_robot_interfaces/TurtlesSpawned': 'value '"turtle1"' can not be
[0.460s]   converted to type 'string[]': array value must start with '[' and end with
[0.460s]   ']''
[0.460s] 
[0.460s]   Traceback (most recent call last):
[0.460s] 
[0.460s]     File "/usr/lib/python3.10/runpy.py", line 196, in _run_module_as_main
[0.460s]       return _run_code(code, main_globals, None,
[0.460s]     File "/usr/lib/python3.10/runpy.py", line 86, in _run_code
[0.460s]       exec(code, run_globals)
[0.460s]     File "/opt/ros/humble/local/lib/python3.10/dist-packages/rosidl_adapter/__main__.py", line 19, in <module>
[0.460s]       sys.exit(main())
[0.460s]     File "/opt/ros/humble/local/lib/python3.10/dist-packages/rosidl_adapter/main.py", line 53, in main
[0.461s]       abs_idl_file = convert_to_idl(
[0.461s]     File "/opt/ros/humble/local/lib/python3.10/dist-packages/rosidl_adapter/__init__.py", line 19, in convert_to_idl
[0.461s]       return convert_msg_to_idl(
[0.461s]     File "/opt/ros/humble/local/lib/python3.10/dist-packages/rosidl_adapter/msg/__init__.py", line 28, in convert_msg_to_idl
[0.461s]       msg = parse_message_string(package_name, input_file.stem, content)
[0.461s]     File "/opt/ros/humble/local/lib/python3.10/dist-packages/rosidl_adapter/parser.py", line 519, in parse_message_string
[0.461s]       fields.append(Field(
[0.461s]     File "/opt/ros/humble/local/lib/python3.10/dist-packages/rosidl_adapter/parser.py", line 361, in __init__
[0.461s]       self.default_value = parse_value_string(
[0.461s]     File "/opt/ros/humble/local/lib/python3.10/dist-packages/rosidl_adapter/parser.py", line 599, in parse_value_string
[0.461s]       raise InvalidValue(
[0.461s] 
[0.461s]   rosidl_adapter.parser.InvalidValue: value '"turtle1"' can not be converted
[0.461s]   to type 'string[]': array value must start with '[' and end with ']'
[0.461s] 
[0.461s] Call Stack (most recent call first):
[0.461s]   /opt/ros/humble/share/rosidl_cmake/cmake/rosidl_generate_interfaces.cmake:130 (rosidl_adapt_interfaces)
[0.461s]   CMakeLists.txt:15 (rosidl_generate_interfaces)
[0.461s] 
[0.462s] [0m
[0.462s] -- Configuring incomplete, errors occurred!
[0.462s] See also "/home/jt/ros2_ws/build/my_robot_interfaces/CMakeFiles/CMakeOutput.log".
[0.464s] gmake: *** [Makefile:1611: cmake_check_build_system] Error 1
[0.466s] Invoked command in '/home/jt/ros2_ws/build/my_robot_interfaces' returned '2': CMAKE_PREFIX_PATH=${CMAKE_PREFIX_PATH}:/home/jt/ros2_ws/install/my_py_pkg:/opt/ros/humble /usr/bin/cmake --build /home/jt/ros2_ws/build/my_robot_interfaces -- -j12 -l12
